The system is: Linux - 5.4.0-48-lowlatency - x86_64
Compiling the CXX compiler identification source file "CMakeCXXCompilerId.cpp" succeeded.
Compiler: /usr/bin/clang++ 
Build flags: 
Id flags:  

The output was:
0


Compilation of the CXX compiler identification source "CMakeCXXCompilerId.cpp" produced "a.out"

The CXX compiler identification is Clang, found in "/home/eyeris/runtime/dev_ws/user_tasks/visual_acuity/build/CMakeFiles/3.17.3/CompilerIdCXX/a.out"

Determining if the CXX compiler works passed with the following output:
Change Dir: /home/eyeris/runtime/dev_ws/user_tasks/visual_acuity/build/CMakeFiles/CMakeTmp

Run Build Command(s):/usr/bin/make cmTC_43690/fast && /usr/bin/make  -f CMakeFiles/cmTC_43690.dir/build.make CMakeFiles/cmTC_43690.dir/build
make[1]: Entering directory '/home/eyeris/runtime/dev_ws/user_tasks/visual_acuity/build/CMakeFiles/CMakeTmp'
Building CXX object CMakeFiles/cmTC_43690.dir/testCXXCompiler.cxx.o
/usr/bin/clang++     -o CMakeFiles/cmTC_43690.dir/testCXXCompiler.cxx.o -c /home/eyeris/runtime/dev_ws/user_tasks/visual_acuity/build/CMakeFiles/CMakeTmp/testCXXCompiler.cxx
Linking CXX executable cmTC_43690
/home/eyeris/clion/bin/cmake/linux/bin/cmake -E cmake_link_script CMakeFiles/cmTC_43690.dir/link.txt --verbose=1
/usr/bin/clang++       CMakeFiles/cmTC_43690.dir/testCXXCompiler.cxx.o  -o cmTC_43690 
make[1]: Leaving directory '/home/eyeris/runtime/dev_ws/user_tasks/visual_acuity/build/CMakeFiles/CMakeTmp'



Detecting CXX compiler ABI info compiled with the following output:
Change Dir: /home/eyeris/runtime/dev_ws/user_tasks/visual_acuity/build/CMakeFiles/CMakeTmp

Run Build Command(s):/usr/bin/make cmTC_c0d6a/fast && /usr/bin/make  -f CMakeFiles/cmTC_c0d6a.dir/build.make CMakeFiles/cmTC_c0d6a.dir/build
make[1]: Entering directory '/home/eyeris/runtime/dev_ws/user_tasks/visual_acuity/build/CMakeFiles/CMakeTmp'
Building CXX object CMakeFiles/cmTC_c0d6a.dir/CMakeCXXCompilerABI.cpp.o
/usr/bin/clang++    -v -o CMakeFiles/cmTC_c0d6a.dir/CMakeCXXCompilerABI.cpp.o -c /home/eyeris/clion/bin/cmake/linux/share/cmake-3.17/Modules/CMakeCXXCompilerABI.cpp
clang version 10.0.0-4ubuntu1 
Target: x86_64-pc-linux-gnu
Thread model: posix
InstalledDir: /usr/bin
Found candidate GCC installation: /usr/bin/../lib/gcc/x86_64-linux-gnu/8
Found candidate GCC installation: /usr/bin/../lib/gcc/x86_64-linux-gnu/9
Found candidate GCC installation: /usr/lib/gcc/x86_64-linux-gnu/8
Found candidate GCC installation: /usr/lib/gcc/x86_64-linux-gnu/9
Selected GCC installation: /usr/bin/../lib/gcc/x86_64-linux-gnu/9
Candidate multilib: .;@m64
Selected multilib: .;@m64
Found CUDA installation: /usr/local/cuda-11.0, version 7.0
 (in-process)
 "/usr/lib/llvm-10/bin/clang" -cc1 -triple x86_64-pc-linux-gnu -emit-obj -mrelax-all -disable-free -disable-llvm-verifier -discard-value-names -main-file-name CMakeCXXCompilerABI.cpp -mrelocation-model static -mthread-model posix -mframe-pointer=all -fmath-errno -fno-rounding-math -masm-verbose -mconstructor-aliases -munwind-tables -target-cpu x86-64 -dwarf-column-info -fno-split-dwarf-inlining -debugger-tuning=gdb -v -resource-dir /usr/lib/llvm-10/lib/clang/10.0.0 -internal-isystem /usr/bin/../lib/gcc/x86_64-linux-gnu/9/../../../../include/c++/9 -internal-isystem /usr/bin/../lib/gcc/x86_64-linux-gnu/9/../../../../include/x86_64-linux-gnu/c++/9 -internal-isystem /usr/bin/../lib/gcc/x86_64-linux-gnu/9/../../../../include/x86_64-linux-gnu/c++/9 -internal-isystem /usr/bin/../lib/gcc/x86_64-linux-gnu/9/../../../../include/c++/9/backward -internal-isystem /usr/local/include -internal-isystem /usr/lib/llvm-10/lib/clang/10.0.0/include -internal-externc-isystem /usr/include/x86_64-linux-gnu -internal-externc-isystem /include -internal-externc-isystem /usr/include -fdeprecated-macro -fdebug-compilation-dir /home/eyeris/runtime/dev_ws/user_tasks/visual_acuity/build/CMakeFiles/CMakeTmp -ferror-limit 19 -fmessage-length 0 -fgnuc-version=4.2.1 -fobjc-runtime=gcc -fcxx-exceptions -fexceptions -fdiagnostics-show-option -faddrsig -o CMakeFiles/cmTC_c0d6a.dir/CMakeCXXCompilerABI.cpp.o -x c++ /home/eyeris/clion/bin/cmake/linux/share/cmake-3.17/Modules/CMakeCXXCompilerABI.cpp
clang -cc1 version 10.0.0 based upon LLVM 10.0.0 default target x86_64-pc-linux-gnu
ignoring nonexistent directory "/include"
ignoring duplicate directory "/usr/bin/../lib/gcc/x86_64-linux-gnu/9/../../../../include/x86_64-linux-gnu/c++/9"
#include "..." search starts here:
#include <...> search starts here:
 /usr/bin/../lib/gcc/x86_64-linux-gnu/9/../../../../include/c++/9
 /usr/bin/../lib/gcc/x86_64-linux-gnu/9/../../../../include/x86_64-linux-gnu/c++/9
 /usr/bin/../lib/gcc/x86_64-linux-gnu/9/../../../../include/c++/9/backward
 /usr/local/include
 /usr/lib/llvm-10/lib/clang/10.0.0/include
 /usr/include/x86_64-linux-gnu
 /usr/include
End of search list.
Linking CXX executable cmTC_c0d6a
/home/eyeris/clion/bin/cmake/linux/bin/cmake -E cmake_link_script CMakeFiles/cmTC_c0d6a.dir/link.txt --verbose=1
/usr/bin/clang++      -v CMakeFiles/cmTC_c0d6a.dir/CMakeCXXCompilerABI.cpp.o  -o cmTC_c0d6a 
clang version 10.0.0-4ubuntu1 
Target: x86_64-pc-linux-gnu
Thread model: posix
InstalledDir: /usr/bin
Found candidate GCC installation: /usr/bin/../lib/gcc/x86_64-linux-gnu/8
Found candidate GCC installation: /usr/bin/../lib/gcc/x86_64-linux-gnu/9
Found candidate GCC installation: /usr/lib/gcc/x86_64-linux-gnu/8
Found candidate GCC installation: /usr/lib/gcc/x86_64-linux-gnu/9
Selected GCC installation: /usr/bin/../lib/gcc/x86_64-linux-gnu/9
Candidate multilib: .;@m64
Selected multilib: .;@m64
Found CUDA installation: /usr/local/cuda-11.0, version 7.0
 "/usr/bin/ld" -z relro --hash-style=gnu --build-id --eh-frame-hdr -m elf_x86_64 -dynamic-linker /lib64/ld-linux-x86-64.so.2 -o cmTC_c0d6a /usr/bin/../lib/gcc/x86_64-linux-gnu/9/../../../x86_64-linux-gnu/crt1.o /usr/bin/../lib/gcc/x86_64-linux-gnu/9/../../../x86_64-linux-gnu/crti.o /usr/bin/../lib/gcc/x86_64-linux-gnu/9/crtbegin.o -L/usr/bin/../lib/gcc/x86_64-linux-gnu/9 -L/usr/bin/../lib/gcc/x86_64-linux-gnu/9/../../../x86_64-linux-gnu -L/usr/bin/../lib/gcc/x86_64-linux-gnu/9/../../../../lib64 -L/lib/x86_64-linux-gnu -L/lib/../lib64 -L/usr/lib/x86_64-linux-gnu -L/usr/lib/../lib64 -L/usr/lib/x86_64-linux-gnu/../../lib64 -L/usr/bin/../lib/gcc/x86_64-linux-gnu/9/../../.. -L/usr/lib/llvm-10/bin/../lib -L/lib -L/usr/lib -L/usr/local/cuda/lib64/stubs CMakeFiles/cmTC_c0d6a.dir/CMakeCXXCompilerABI.cpp.o -lstdc++ -lm -lgcc_s -lgcc -lc -lgcc_s -lgcc /usr/bin/../lib/gcc/x86_64-linux-gnu/9/crtend.o /usr/bin/../lib/gcc/x86_64-linux-gnu/9/../../../x86_64-linux-gnu/crtn.o
make[1]: Leaving directory '/home/eyeris/runtime/dev_ws/user_tasks/visual_acuity/build/CMakeFiles/CMakeTmp'



Parsed CXX implicit include dir info from above output: rv=done
  found start of include info
  found start of implicit include info
    add: [/usr/bin/../lib/gcc/x86_64-linux-gnu/9/../../../../include/c++/9]
    add: [/usr/bin/../lib/gcc/x86_64-linux-gnu/9/../../../../include/x86_64-linux-gnu/c++/9]
    add: [/usr/bin/../lib/gcc/x86_64-linux-gnu/9/../../../../include/c++/9/backward]
    add: [/usr/local/include]
    add: [/usr/lib/llvm-10/lib/clang/10.0.0/include]
    add: [/usr/include/x86_64-linux-gnu]
    add: [/usr/include]
  end of search list found
  collapse include dir [/usr/bin/../lib/gcc/x86_64-linux-gnu/9/../../../../include/c++/9] ==> [/usr/include/c++/9]
  collapse include dir [/usr/bin/../lib/gcc/x86_64-linux-gnu/9/../../../../include/x86_64-linux-gnu/c++/9] ==> [/usr/include/x86_64-linux-gnu/c++/9]
  collapse include dir [/usr/bin/../lib/gcc/x86_64-linux-gnu/9/../../../../include/c++/9/backward] ==> [/usr/include/c++/9/backward]
  collapse include dir [/usr/local/include] ==> [/usr/local/include]
  collapse include dir [/usr/lib/llvm-10/lib/clang/10.0.0/include] ==> [/usr/lib/llvm-10/lib/clang/10.0.0/include]
  collapse include dir [/usr/include/x86_64-linux-gnu] ==> [/usr/include/x86_64-linux-gnu]
  collapse include dir [/usr/include] ==> [/usr/include]
  implicit include dirs: [/usr/include/c++/9;/usr/include/x86_64-linux-gnu/c++/9;/usr/include/c++/9/backward;/usr/local/include;/usr/lib/llvm-10/lib/clang/10.0.0/include;/usr/include/x86_64-linux-gnu;/usr/include]


Parsed CXX implicit link information from above output:
  link line regex: [^( *|.*[/\])(ld|CMAKE_LINK_STARTFILE-NOTFOUND|([^/\]+-)?ld|collect2)[^/\]*( |$)]
  ignore line: [Change Dir: /home/eyeris/runtime/dev_ws/user_tasks/visual_acuity/build/CMakeFiles/CMakeTmp]
  ignore line: []
  ignore line: [Run Build Command(s):/usr/bin/make cmTC_c0d6a/fast && /usr/bin/make  -f CMakeFiles/cmTC_c0d6a.dir/build.make CMakeFiles/cmTC_c0d6a.dir/build]
  ignore line: [make[1]: Entering directory '/home/eyeris/runtime/dev_ws/user_tasks/visual_acuity/build/CMakeFiles/CMakeTmp']
  ignore line: [Building CXX object CMakeFiles/cmTC_c0d6a.dir/CMakeCXXCompilerABI.cpp.o]
  ignore line: [/usr/bin/clang++    -v -o CMakeFiles/cmTC_c0d6a.dir/CMakeCXXCompilerABI.cpp.o -c /home/eyeris/clion/bin/cmake/linux/share/cmake-3.17/Modules/CMakeCXXCompilerABI.cpp]
  ignore line: [clang version 10.0.0-4ubuntu1 ]
  ignore line: [Target: x86_64-pc-linux-gnu]
  ignore line: [Thread model: posix]
  ignore line: [InstalledDir: /usr/bin]
  ignore line: [Found candidate GCC installation: /usr/bin/../lib/gcc/x86_64-linux-gnu/8]
  ignore line: [Found candidate GCC installation: /usr/bin/../lib/gcc/x86_64-linux-gnu/9]
  ignore line: [Found candidate GCC installation: /usr/lib/gcc/x86_64-linux-gnu/8]
  ignore line: [Found candidate GCC installation: /usr/lib/gcc/x86_64-linux-gnu/9]
  ignore line: [Selected GCC installation: /usr/bin/../lib/gcc/x86_64-linux-gnu/9]
  ignore line: [Candidate multilib: .]
  ignore line: [@m64]
  ignore line: [Selected multilib: .]
  ignore line: [@m64]
  ignore line: [Found CUDA installation: /usr/local/cuda-11.0  version 7.0]
  ignore line: [ (in-process)]
  ignore line: [ "/usr/lib/llvm-10/bin/clang" -cc1 -triple x86_64-pc-linux-gnu -emit-obj -mrelax-all -disable-free -disable-llvm-verifier -discard-value-names -main-file-name CMakeCXXCompilerABI.cpp -mrelocation-model static -mthread-model posix -mframe-pointer=all -fmath-errno -fno-rounding-math -masm-verbose -mconstructor-aliases -munwind-tables -target-cpu x86-64 -dwarf-column-info -fno-split-dwarf-inlining -debugger-tuning=gdb -v -resource-dir /usr/lib/llvm-10/lib/clang/10.0.0 -internal-isystem /usr/bin/../lib/gcc/x86_64-linux-gnu/9/../../../../include/c++/9 -internal-isystem /usr/bin/../lib/gcc/x86_64-linux-gnu/9/../../../../include/x86_64-linux-gnu/c++/9 -internal-isystem /usr/bin/../lib/gcc/x86_64-linux-gnu/9/../../../../include/x86_64-linux-gnu/c++/9 -internal-isystem /usr/bin/../lib/gcc/x86_64-linux-gnu/9/../../../../include/c++/9/backward -internal-isystem /usr/local/include -internal-isystem /usr/lib/llvm-10/lib/clang/10.0.0/include -internal-externc-isystem /usr/include/x86_64-linux-gnu -internal-externc-isystem /include -internal-externc-isystem /usr/include -fdeprecated-macro -fdebug-compilation-dir /home/eyeris/runtime/dev_ws/user_tasks/visual_acuity/build/CMakeFiles/CMakeTmp -ferror-limit 19 -fmessage-length 0 -fgnuc-version=4.2.1 -fobjc-runtime=gcc -fcxx-exceptions -fexceptions -fdiagnostics-show-option -faddrsig -o CMakeFiles/cmTC_c0d6a.dir/CMakeCXXCompilerABI.cpp.o -x c++ /home/eyeris/clion/bin/cmake/linux/share/cmake-3.17/Modules/CMakeCXXCompilerABI.cpp]
  ignore line: [clang -cc1 version 10.0.0 based upon LLVM 10.0.0 default target x86_64-pc-linux-gnu]
  ignore line: [ignoring nonexistent directory "/include"]
  ignore line: [ignoring duplicate directory "/usr/bin/../lib/gcc/x86_64-linux-gnu/9/../../../../include/x86_64-linux-gnu/c++/9"]
  ignore line: [#include "..." search starts here:]
  ignore line: [#include <...> search starts here:]
  ignore line: [ /usr/bin/../lib/gcc/x86_64-linux-gnu/9/../../../../include/c++/9]
  ignore line: [ /usr/bin/../lib/gcc/x86_64-linux-gnu/9/../../../../include/x86_64-linux-gnu/c++/9]
  ignore line: [ /usr/bin/../lib/gcc/x86_64-linux-gnu/9/../../../../include/c++/9/backward]
  ignore line: [ /usr/local/include]
  ignore line: [ /usr/lib/llvm-10/lib/clang/10.0.0/include]
  ignore line: [ /usr/include/x86_64-linux-gnu]
  ignore line: [ /usr/include]
  ignore line: [End of search list.]
  ignore line: [Linking CXX executable cmTC_c0d6a]
  ignore line: [/home/eyeris/clion/bin/cmake/linux/bin/cmake -E cmake_link_script CMakeFiles/cmTC_c0d6a.dir/link.txt --verbose=1]
  ignore line: [/usr/bin/clang++      -v CMakeFiles/cmTC_c0d6a.dir/CMakeCXXCompilerABI.cpp.o  -o cmTC_c0d6a ]
  ignore line: [clang version 10.0.0-4ubuntu1 ]
  ignore line: [Target: x86_64-pc-linux-gnu]
  ignore line: [Thread model: posix]
  ignore line: [InstalledDir: /usr/bin]
  ignore line: [Found candidate GCC installation: /usr/bin/../lib/gcc/x86_64-linux-gnu/8]
  ignore line: [Found candidate GCC installation: /usr/bin/../lib/gcc/x86_64-linux-gnu/9]
  ignore line: [Found candidate GCC installation: /usr/lib/gcc/x86_64-linux-gnu/8]
  ignore line: [Found candidate GCC installation: /usr/lib/gcc/x86_64-linux-gnu/9]
  ignore line: [Selected GCC installation: /usr/bin/../lib/gcc/x86_64-linux-gnu/9]
  ignore line: [Candidate multilib: .]
  ignore line: [@m64]
  ignore line: [Selected multilib: .]
  ignore line: [@m64]
  ignore line: [Found CUDA installation: /usr/local/cuda-11.0  version 7.0]
  link line: [ "/usr/bin/ld" -z relro --hash-style=gnu --build-id --eh-frame-hdr -m elf_x86_64 -dynamic-linker /lib64/ld-linux-x86-64.so.2 -o cmTC_c0d6a /usr/bin/../lib/gcc/x86_64-linux-gnu/9/../../../x86_64-linux-gnu/crt1.o /usr/bin/../lib/gcc/x86_64-linux-gnu/9/../../../x86_64-linux-gnu/crti.o /usr/bin/../lib/gcc/x86_64-linux-gnu/9/crtbegin.o -L/usr/bin/../lib/gcc/x86_64-linux-gnu/9 -L/usr/bin/../lib/gcc/x86_64-linux-gnu/9/../../../x86_64-linux-gnu -L/usr/bin/../lib/gcc/x86_64-linux-gnu/9/../../../../lib64 -L/lib/x86_64-linux-gnu -L/lib/../lib64 -L/usr/lib/x86_64-linux-gnu -L/usr/lib/../lib64 -L/usr/lib/x86_64-linux-gnu/../../lib64 -L/usr/bin/../lib/gcc/x86_64-linux-gnu/9/../../.. -L/usr/lib/llvm-10/bin/../lib -L/lib -L/usr/lib -L/usr/local/cuda/lib64/stubs CMakeFiles/cmTC_c0d6a.dir/CMakeCXXCompilerABI.cpp.o -lstdc++ -lm -lgcc_s -lgcc -lc -lgcc_s -lgcc /usr/bin/../lib/gcc/x86_64-linux-gnu/9/crtend.o /usr/bin/../lib/gcc/x86_64-linux-gnu/9/../../../x86_64-linux-gnu/crtn.o]
    arg [/usr/bin/ld] ==> ignore
    arg [-zrelro] ==> ignore
    arg [--hash-style=gnu] ==> ignore
    arg [--build-id] ==> ignore
    arg [--eh-frame-hdr] ==> ignore
    arg [-m] ==> ignore
    arg [elf_x86_64] ==> ignore
    arg [-dynamic-linker] ==> ignore
    arg [/lib64/ld-linux-x86-64.so.2] ==> ignore
    arg [-o] ==> ignore
    arg [cmTC_c0d6a] ==> ignore
    arg [/usr/bin/../lib/gcc/x86_64-linux-gnu/9/../../../x86_64-linux-gnu/crt1.o] ==> ignore
    arg [/usr/bin/../lib/gcc/x86_64-linux-gnu/9/../../../x86_64-linux-gnu/crti.o] ==> ignore
    arg [/usr/bin/../lib/gcc/x86_64-linux-gnu/9/crtbegin.o] ==> ignore
    arg [-L/usr/bin/../lib/gcc/x86_64-linux-gnu/9] ==> dir [/usr/bin/../lib/gcc/x86_64-linux-gnu/9]
    arg [-L/usr/bin/../lib/gcc/x86_64-linux-gnu/9/../../../x86_64-linux-gnu] ==> dir [/usr/bin/../lib/gcc/x86_64-linux-gnu/9/../../../x86_64-linux-gnu]
    arg [-L/usr/bin/../lib/gcc/x86_64-linux-gnu/9/../../../../lib64] ==> dir [/usr/bin/../lib/gcc/x86_64-linux-gnu/9/../../../../lib64]
    arg [-L/lib/x86_64-linux-gnu] ==> dir [/lib/x86_64-linux-gnu]
    arg [-L/lib/../lib64] ==> dir [/lib/../lib64]
    arg [-L/usr/lib/x86_64-linux-gnu] ==> dir [/usr/lib/x86_64-linux-gnu]
    arg [-L/usr/lib/../lib64] ==> dir [/usr/lib/../lib64]
    arg [-L/usr/lib/x86_64-linux-gnu/../../lib64] ==> dir [/usr/lib/x86_64-linux-gnu/../../lib64]
    arg [-L/usr/bin/../lib/gcc/x86_64-linux-gnu/9/../../..] ==> dir [/usr/bin/../lib/gcc/x86_64-linux-gnu/9/../../..]
    arg [-L/usr/lib/llvm-10/bin/../lib] ==> dir [/usr/lib/llvm-10/bin/../lib]
    arg [-L/lib] ==> dir [/lib]
    arg [-L/usr/lib] ==> dir [/usr/lib]
    arg [-L/usr/local/cuda/lib64/stubs] ==> dir [/usr/local/cuda/lib64/stubs]
    arg [CMakeFiles/cmTC_c0d6a.dir/CMakeCXXCompilerABI.cpp.o] ==> ignore
    arg [-lstdc++] ==> lib [stdc++]
    arg [-lm] ==> lib [m]
    arg [-lgcc_s] ==> lib [gcc_s]
    arg [-lgcc] ==> lib [gcc]
    arg [-lc] ==> lib [c]
    arg [-lgcc_s] ==> lib [gcc_s]
    arg [-lgcc] ==> lib [gcc]
    arg [/usr/bin/../lib/gcc/x86_64-linux-gnu/9/crtend.o] ==> ignore
    arg [/usr/bin/../lib/gcc/x86_64-linux-gnu/9/../../../x86_64-linux-gnu/crtn.o] ==> ignore
  collapse library dir [/usr/bin/../lib/gcc/x86_64-linux-gnu/9] ==> [/usr/lib/gcc/x86_64-linux-gnu/9]
  collapse library dir [/usr/bin/../lib/gcc/x86_64-linux-gnu/9/../../../x86_64-linux-gnu] ==> [/usr/lib/x86_64-linux-gnu]
  collapse library dir [/usr/bin/../lib/gcc/x86_64-linux-gnu/9/../../../../lib64] ==> [/usr/lib64]
  collapse library dir [/lib/x86_64-linux-gnu] ==> [/lib/x86_64-linux-gnu]
  collapse library dir [/lib/../lib64] ==> [/lib64]
  collapse library dir [/usr/lib/x86_64-linux-gnu] ==> [/usr/lib/x86_64-linux-gnu]
  collapse library dir [/usr/lib/../lib64] ==> [/usr/lib64]
  collapse library dir [/usr/lib/x86_64-linux-gnu/../../lib64] ==> [/usr/lib64]
  collapse library dir [/usr/bin/../lib/gcc/x86_64-linux-gnu/9/../../..] ==> [/usr/lib]
  collapse library dir [/usr/lib/llvm-10/bin/../lib] ==> [/usr/lib/llvm-10/lib]
  collapse library dir [/lib] ==> [/lib]
  collapse library dir [/usr/lib] ==> [/usr/lib]
  collapse library dir [/usr/local/cuda/lib64/stubs] ==> [/usr/local/cuda/lib64/stubs]
  implicit libs: [stdc++;m;gcc_s;gcc;c;gcc_s;gcc]
  implicit dirs: [/usr/lib/gcc/x86_64-linux-gnu/9;/usr/lib/x86_64-linux-gnu;/usr/lib64;/lib/x86_64-linux-gnu;/lib64;/usr/lib;/usr/lib/llvm-10/lib;/lib;/usr/local/cuda/lib64/stubs]
  implicit fwks: []


Determining if the include file pthread.h exists passed with the following output:
Change Dir: /home/eyeris/runtime/dev_ws/user_tasks/visual_acuity/build/CMakeFiles/CMakeTmp

Run Build Command(s):/usr/bin/make cmTC_3dd72/fast && /usr/bin/make  -f CMakeFiles/cmTC_3dd72.dir/build.make CMakeFiles/cmTC_3dd72.dir/build
make[1]: Entering directory '/home/eyeris/runtime/dev_ws/user_tasks/visual_acuity/build/CMakeFiles/CMakeTmp'
Building CXX object CMakeFiles/cmTC_3dd72.dir/CheckIncludeFile.cxx.o
/usr/bin/clang++     -o CMakeFiles/cmTC_3dd72.dir/CheckIncludeFile.cxx.o -c /home/eyeris/runtime/dev_ws/user_tasks/visual_acuity/build/CMakeFiles/CMakeTmp/CheckIncludeFile.cxx
Linking CXX executable cmTC_3dd72
/home/eyeris/clion/bin/cmake/linux/bin/cmake -E cmake_link_script CMakeFiles/cmTC_3dd72.dir/link.txt --verbose=1
/usr/bin/clang++       CMakeFiles/cmTC_3dd72.dir/CheckIncludeFile.cxx.o  -o cmTC_3dd72 
make[1]: Leaving directory '/home/eyeris/runtime/dev_ws/user_tasks/visual_acuity/build/CMakeFiles/CMakeTmp'



Determining if the function pthread_create exists in the pthread passed with the following output:
Change Dir: /home/eyeris/runtime/dev_ws/user_tasks/visual_acuity/build/CMakeFiles/CMakeTmp

Run Build Command(s):/usr/bin/make cmTC_1b8a7/fast && /usr/bin/make  -f CMakeFiles/cmTC_1b8a7.dir/build.make CMakeFiles/cmTC_1b8a7.dir/build
make[1]: Entering directory '/home/eyeris/runtime/dev_ws/user_tasks/visual_acuity/build/CMakeFiles/CMakeTmp'
Building CXX object CMakeFiles/cmTC_1b8a7.dir/CheckFunctionExists.cxx.o
/usr/bin/clang++    -DCHECK_FUNCTION_EXISTS=pthread_create   -o CMakeFiles/cmTC_1b8a7.dir/CheckFunctionExists.cxx.o -c /home/eyeris/runtime/dev_ws/user_tasks/visual_acuity/build/CMakeFiles/CheckLibraryExists/CheckFunctionExists.cxx
Linking CXX executable cmTC_1b8a7
/home/eyeris/clion/bin/cmake/linux/bin/cmake -E cmake_link_script CMakeFiles/cmTC_1b8a7.dir/link.txt --verbose=1
/usr/bin/clang++   -DCHECK_FUNCTION_EXISTS=pthread_create    CMakeFiles/cmTC_1b8a7.dir/CheckFunctionExists.cxx.o  -o cmTC_1b8a7  -lpthread 
make[1]: Leaving directory '/home/eyeris/runtime/dev_ws/user_tasks/visual_acuity/build/CMakeFiles/CMakeTmp'



Determining if the function XOpenDisplay exists in the /usr/lib/x86_64-linux-gnu/libX11.so;/usr/lib/x86_64-linux-gnu/libXext.so passed with the following output:
Change Dir: /home/eyeris/runtime/dev_ws/user_tasks/visual_acuity/build/CMakeFiles/CMakeTmp

Run Build Command(s):/usr/bin/make cmTC_c7478/fast && /usr/bin/make  -f CMakeFiles/cmTC_c7478.dir/build.make CMakeFiles/cmTC_c7478.dir/build
make[1]: Entering directory '/home/eyeris/runtime/dev_ws/user_tasks/visual_acuity/build/CMakeFiles/CMakeTmp'
Building CXX object CMakeFiles/cmTC_c7478.dir/CheckFunctionExists.cxx.o
/usr/bin/clang++    -DCHECK_FUNCTION_EXISTS=XOpenDisplay   -o CMakeFiles/cmTC_c7478.dir/CheckFunctionExists.cxx.o -c /home/eyeris/runtime/dev_ws/user_tasks/visual_acuity/build/CMakeFiles/CheckLibraryExists/CheckFunctionExists.cxx
Linking CXX executable cmTC_c7478
/home/eyeris/clion/bin/cmake/linux/bin/cmake -E cmake_link_script CMakeFiles/cmTC_c7478.dir/link.txt --verbose=1
/usr/bin/clang++   -DCHECK_FUNCTION_EXISTS=XOpenDisplay    CMakeFiles/cmTC_c7478.dir/CheckFunctionExists.cxx.o  -o cmTC_c7478  /usr/lib/x86_64-linux-gnu/libX11.so /usr/lib/x86_64-linux-gnu/libXext.so 
make[1]: Leaving directory '/home/eyeris/runtime/dev_ws/user_tasks/visual_acuity/build/CMakeFiles/CMakeTmp'



Determining if the function gethostbyname exists passed with the following output:
Change Dir: /home/eyeris/runtime/dev_ws/user_tasks/visual_acuity/build/CMakeFiles/CMakeTmp

Run Build Command(s):/usr/bin/make cmTC_5b4e2/fast && /usr/bin/make  -f CMakeFiles/cmTC_5b4e2.dir/build.make CMakeFiles/cmTC_5b4e2.dir/build
make[1]: Entering directory '/home/eyeris/runtime/dev_ws/user_tasks/visual_acuity/build/CMakeFiles/CMakeTmp'
Building CXX object CMakeFiles/cmTC_5b4e2.dir/CheckFunctionExists.cxx.o
/usr/bin/clang++    -DCHECK_FUNCTION_EXISTS=gethostbyname   -o CMakeFiles/cmTC_5b4e2.dir/CheckFunctionExists.cxx.o -c /home/eyeris/runtime/dev_ws/user_tasks/visual_acuity/build/CMakeFiles/CheckFunctionExists/CheckFunctionExists.cxx
Linking CXX executable cmTC_5b4e2
/home/eyeris/clion/bin/cmake/linux/bin/cmake -E cmake_link_script CMakeFiles/cmTC_5b4e2.dir/link.txt --verbose=1
/usr/bin/clang++   -DCHECK_FUNCTION_EXISTS=gethostbyname    CMakeFiles/cmTC_5b4e2.dir/CheckFunctionExists.cxx.o  -o cmTC_5b4e2 
make[1]: Leaving directory '/home/eyeris/runtime/dev_ws/user_tasks/visual_acuity/build/CMakeFiles/CMakeTmp'



Determining if the function connect exists passed with the following output:
Change Dir: /home/eyeris/runtime/dev_ws/user_tasks/visual_acuity/build/CMakeFiles/CMakeTmp

Run Build Command(s):/usr/bin/make cmTC_6c8df/fast && /usr/bin/make  -f CMakeFiles/cmTC_6c8df.dir/build.make CMakeFiles/cmTC_6c8df.dir/build
make[1]: Entering directory '/home/eyeris/runtime/dev_ws/user_tasks/visual_acuity/build/CMakeFiles/CMakeTmp'
Building CXX object CMakeFiles/cmTC_6c8df.dir/CheckFunctionExists.cxx.o
/usr/bin/clang++    -DCHECK_FUNCTION_EXISTS=connect   -o CMakeFiles/cmTC_6c8df.dir/CheckFunctionExists.cxx.o -c /home/eyeris/runtime/dev_ws/user_tasks/visual_acuity/build/CMakeFiles/CheckFunctionExists/CheckFunctionExists.cxx
Linking CXX executable cmTC_6c8df
/home/eyeris/clion/bin/cmake/linux/bin/cmake -E cmake_link_script CMakeFiles/cmTC_6c8df.dir/link.txt --verbose=1
/usr/bin/clang++   -DCHECK_FUNCTION_EXISTS=connect    CMakeFiles/cmTC_6c8df.dir/CheckFunctionExists.cxx.o  -o cmTC_6c8df 
make[1]: Leaving directory '/home/eyeris/runtime/dev_ws/user_tasks/visual_acuity/build/CMakeFiles/CMakeTmp'



Determining if the function remove exists passed with the following output:
Change Dir: /home/eyeris/runtime/dev_ws/user_tasks/visual_acuity/build/CMakeFiles/CMakeTmp

Run Build Command(s):/usr/bin/make cmTC_c5e4e/fast && /usr/bin/make  -f CMakeFiles/cmTC_c5e4e.dir/build.make CMakeFiles/cmTC_c5e4e.dir/build
make[1]: Entering directory '/home/eyeris/runtime/dev_ws/user_tasks/visual_acuity/build/CMakeFiles/CMakeTmp'
Building CXX object CMakeFiles/cmTC_c5e4e.dir/CheckFunctionExists.cxx.o
/usr/bin/clang++    -DCHECK_FUNCTION_EXISTS=remove   -o CMakeFiles/cmTC_c5e4e.dir/CheckFunctionExists.cxx.o -c /home/eyeris/runtime/dev_ws/user_tasks/visual_acuity/build/CMakeFiles/CheckFunctionExists/CheckFunctionExists.cxx
Linking CXX executable cmTC_c5e4e
/home/eyeris/clion/bin/cmake/linux/bin/cmake -E cmake_link_script CMakeFiles/cmTC_c5e4e.dir/link.txt --verbose=1
/usr/bin/clang++   -DCHECK_FUNCTION_EXISTS=remove    CMakeFiles/cmTC_c5e4e.dir/CheckFunctionExists.cxx.o  -o cmTC_c5e4e 
make[1]: Leaving directory '/home/eyeris/runtime/dev_ws/user_tasks/visual_acuity/build/CMakeFiles/CMakeTmp'



Determining if the function shmat exists passed with the following output:
Change Dir: /home/eyeris/runtime/dev_ws/user_tasks/visual_acuity/build/CMakeFiles/CMakeTmp

Run Build Command(s):/usr/bin/make cmTC_45a9c/fast && /usr/bin/make  -f CMakeFiles/cmTC_45a9c.dir/build.make CMakeFiles/cmTC_45a9c.dir/build
make[1]: Entering directory '/home/eyeris/runtime/dev_ws/user_tasks/visual_acuity/build/CMakeFiles/CMakeTmp'
Building CXX object CMakeFiles/cmTC_45a9c.dir/CheckFunctionExists.cxx.o
/usr/bin/clang++    -DCHECK_FUNCTION_EXISTS=shmat   -o CMakeFiles/cmTC_45a9c.dir/CheckFunctionExists.cxx.o -c /home/eyeris/runtime/dev_ws/user_tasks/visual_acuity/build/CMakeFiles/CheckFunctionExists/CheckFunctionExists.cxx
Linking CXX executable cmTC_45a9c
/home/eyeris/clion/bin/cmake/linux/bin/cmake -E cmake_link_script CMakeFiles/cmTC_45a9c.dir/link.txt --verbose=1
/usr/bin/clang++   -DCHECK_FUNCTION_EXISTS=shmat    CMakeFiles/cmTC_45a9c.dir/CheckFunctionExists.cxx.o  -o cmTC_45a9c 
make[1]: Leaving directory '/home/eyeris/runtime/dev_ws/user_tasks/visual_acuity/build/CMakeFiles/CMakeTmp'



Determining if the function IceConnectionNumber exists in the ICE passed with the following output:
Change Dir: /home/eyeris/runtime/dev_ws/user_tasks/visual_acuity/build/CMakeFiles/CMakeTmp

Run Build Command(s):/usr/bin/make cmTC_6db54/fast && /usr/bin/make  -f CMakeFiles/cmTC_6db54.dir/build.make CMakeFiles/cmTC_6db54.dir/build
make[1]: Entering directory '/home/eyeris/runtime/dev_ws/user_tasks/visual_acuity/build/CMakeFiles/CMakeTmp'
Building CXX object CMakeFiles/cmTC_6db54.dir/CheckFunctionExists.cxx.o
/usr/bin/clang++    -DCHECK_FUNCTION_EXISTS=IceConnectionNumber   -o CMakeFiles/cmTC_6db54.dir/CheckFunctionExists.cxx.o -c /home/eyeris/runtime/dev_ws/user_tasks/visual_acuity/build/CMakeFiles/CheckLibraryExists/CheckFunctionExists.cxx
Linking CXX executable cmTC_6db54
/home/eyeris/clion/bin/cmake/linux/bin/cmake -E cmake_link_script CMakeFiles/cmTC_6db54.dir/link.txt --verbose=1
/usr/bin/clang++   -DCHECK_FUNCTION_EXISTS=IceConnectionNumber    CMakeFiles/cmTC_6db54.dir/CheckFunctionExists.cxx.o  -o cmTC_6db54  -lICE 
make[1]: Leaving directory '/home/eyeris/runtime/dev_ws/user_tasks/visual_acuity/build/CMakeFiles/CMakeTmp'



