Performing C++ SOURCE FILE Test CMAKE_HAVE_LIBC_PTHREAD failed with the following output:
Change Dir: /home/eyeris/runtime/dev_ws/user_tasks/visual_acuity/build/CMakeFiles/CMakeTmp

Run Build Command(s):/usr/bin/make cmTC_2cb38/fast && /usr/bin/make  -f CMakeFiles/cmTC_2cb38.dir/build.make CMakeFiles/cmTC_2cb38.dir/build
make[1]: Entering directory '/home/eyeris/runtime/dev_ws/user_tasks/visual_acuity/build/CMakeFiles/CMakeTmp'
Building CXX object CMakeFiles/cmTC_2cb38.dir/src.cxx.o
/usr/bin/clang++    -DCMAKE_HAVE_LIBC_PTHREAD   -o CMakeFiles/cmTC_2cb38.dir/src.cxx.o -c /home/eyeris/runtime/dev_ws/user_tasks/visual_acuity/build/CMakeFiles/CMakeTmp/src.cxx
Linking CXX executable cmTC_2cb38
/home/eyeris/clion/bin/cmake/linux/bin/cmake -E cmake_link_script CMakeFiles/cmTC_2cb38.dir/link.txt --verbose=1
/usr/bin/clang++   -DCMAKE_HAVE_LIBC_PTHREAD    CMakeFiles/cmTC_2cb38.dir/src.cxx.o  -o cmTC_2cb38 
/usr/bin/ld: CMakeFiles/cmTC_2cb38.dir/src.cxx.o: in function `main':
src.cxx:(.text+0x35): undefined reference to `pthread_create'
/usr/bin/ld: src.cxx:(.text+0x41): undefined reference to `pthread_detach'
/usr/bin/ld: src.cxx:(.text+0x4d): undefined reference to `pthread_cancel'
/usr/bin/ld: src.cxx:(.text+0x5f): undefined reference to `pthread_join'
clang: error: linker command failed with exit code 1 (use -v to see invocation)
make[1]: *** [CMakeFiles/cmTC_2cb38.dir/build.make:107: cmTC_2cb38] Error 1
make[1]: Leaving directory '/home/eyeris/runtime/dev_ws/user_tasks/visual_acuity/build/CMakeFiles/CMakeTmp'
make: *** [Makefile:141: cmTC_2cb38/fast] Error 2


Source file was:
#include <pthread.h>

void* test_func(void* data)
{
  return data;
}

int main(void)
{
  pthread_t thread;
  pthread_create(&thread, NULL, test_func, NULL);
  pthread_detach(thread);
  pthread_cancel(thread);
  pthread_join(thread, NULL);
  pthread_atfork(NULL, NULL, NULL);
  pthread_exit(NULL);

  return 0;
}

Determining if the function pthread_create exists in the pthreads failed with the following output:
Change Dir: /home/eyeris/runtime/dev_ws/user_tasks/visual_acuity/build/CMakeFiles/CMakeTmp

Run Build Command(s):/usr/bin/make cmTC_217e3/fast && /usr/bin/make  -f CMakeFiles/cmTC_217e3.dir/build.make CMakeFiles/cmTC_217e3.dir/build
make[1]: Entering directory '/home/eyeris/runtime/dev_ws/user_tasks/visual_acuity/build/CMakeFiles/CMakeTmp'
Building CXX object CMakeFiles/cmTC_217e3.dir/CheckFunctionExists.cxx.o
/usr/bin/clang++    -DCHECK_FUNCTION_EXISTS=pthread_create   -o CMakeFiles/cmTC_217e3.dir/CheckFunctionExists.cxx.o -c /home/eyeris/runtime/dev_ws/user_tasks/visual_acuity/build/CMakeFiles/CheckLibraryExists/CheckFunctionExists.cxx
Linking CXX executable cmTC_217e3
/home/eyeris/clion/bin/cmake/linux/bin/cmake -E cmake_link_script CMakeFiles/cmTC_217e3.dir/link.txt --verbose=1
/usr/bin/clang++   -DCHECK_FUNCTION_EXISTS=pthread_create    CMakeFiles/cmTC_217e3.dir/CheckFunctionExists.cxx.o  -o cmTC_217e3  -lpthreads 
/usr/bin/ld: cannot find -lpthreads
clang: error: linker command failed with exit code 1 (use -v to see invocation)
make[1]: *** [CMakeFiles/cmTC_217e3.dir/build.make:107: cmTC_217e3] Error 1
make[1]: Leaving directory '/home/eyeris/runtime/dev_ws/user_tasks/visual_acuity/build/CMakeFiles/CMakeTmp'
make: *** [Makefile:141: cmTC_217e3/fast] Error 2



